<?xml version="1.0" encoding="UTF-8"?>
<!-- Generated by org.testng.reporters.JUnitXMLReporter -->
<testsuite ignored="0" hostname="DESKOP-02NH28E" failures="0" tests="4" name="Login Tests" time="23.011" errors="0" timestamp="2026-03-25T22:47:08 IST">
  <testcase classname="tests.LoginTest" name="verifyInvalidLogin" time="0.766"/>
  <testcase classname="tests.LoginTest" name="verifyInvalidLogin" time="0.675"/>
  <testcase classname="tests.LoginTest" name="verifyInvalidLogin" time="0.68"/>
  <testcase classname="tests.LoginTest" name="verifyValidLogin" time="1.489"/>
</testsuite> <!-- Login Tests -->
