<?xml version="1.0" encoding="UTF-8"?>
<testng-results ignored="2" total="3" passed="1" failed="0" skipped="0">
  <reporter-output>
  </reporter-output>
  <suite started-at="2026-04-06T13:10:14 IST" name="Default suite" finished-at="2026-04-06T13:10:38 IST" duration-ms="23590">
    <groups>
    </groups>
    <test started-at="2026-04-06T13:10:14 IST" name="Default test" finished-at="2026-04-06T13:10:38 IST" duration-ms="23590">
      <class name="tests.PracticeTest">
        <test-method is-config="true" signature="setUp()[pri:0, instance:tests.PracticeTest@4372b9b6]" started-at="2026-04-06T13:10:14 IST" name="setUp" finished-at="2026-04-06T13:10:35 IST" duration-ms="20496" status="PASS">
          <reporter-output>
          </reporter-output>
        </test-method> <!-- setUp -->
        <test-method signature="practicepageTestCase3()[pri:0, instance:tests.PracticeTest@4372b9b6]" started-at="2026-04-06T13:10:35 IST" name="practicepageTestCase3" finished-at="2026-04-06T13:10:38 IST" duration-ms="2625" status="PASS">
          <reporter-output>
          </reporter-output>
        </test-method> <!-- practicepageTestCase3 -->
        <test-method is-config="true" signature="tearDown(org.testng.ITestResult)[pri:0, instance:tests.PracticeTest@4372b9b6]" started-at="2026-04-06T13:10:38 IST" name="tearDown" finished-at="2026-04-06T13:10:38 IST" duration-ms="392" status="PASS">
          <params>
            <param index="0">
              <value>
                <![CDATA[[TestResult name=practicepageTestCase3 status=SUCCESS method=PracticeTest.practicepageTestCase3()[pri:0, instance:tests.PracticeTest@4372b9b6] output={null}]]]>
              </value>
            </param>
          </params>
          <reporter-output>
          </reporter-output>
        </test-method> <!-- tearDown -->
      </class> <!-- tests.PracticeTest -->
    </test> <!-- Default test -->
  </suite> <!-- Default suite -->
</testng-results>
