<?xml version="1.0" encoding="UTF-8"?>
<!-- Generated by org.testng.reporters.JUnitReportReporter -->
<testsuite hostname="DESKOP-02NH28E" failures="0" tests="4" name="tests.LoginTest" time="22.904" errors="0" timestamp="2026-03-25T22:47:22 IST" skipped="0">
  <testcase classname="tests.LoginTest" name="verifyInvalidLogin" time="4.858"/>
  <testcase classname="tests.LoginTest" name="verifyValidLogin" time="7.865"/>
  <testcase classname="tests.LoginTest" name="verifyInvalidLogin" time="5.114"/>
  <testcase classname="tests.LoginTest" name="verifyInvalidLogin" time="5.067"/>
</testsuite> <!-- tests.LoginTest -->
