<?xml version="1.0" encoding="UTF-8"?>
<!-- Generated by org.testng.reporters.JUnitReportReporter -->
<testsuite hostname="DESKOP-02NH28E" failures="0" tests="3" name="tests.PracticeTest" time="23.513" errors="0" timestamp="2026-04-06T13:10:39 IST" skipped="2">
  <testcase classname="tests.PracticeTest" name="practicepageTestCase3" time="23.513"/>
  <testcase classname="tests.PracticeTest" name="practicepageTestCase2">
    <skipped/>
  </testcase> <!-- practicepageTestCase2 -->
  <testcase classname="tests.PracticeTest" name="praticePageTestCase1">
    <skipped/>
  </testcase> <!-- praticePageTestCase1 -->
</testsuite> <!-- tests.PracticeTest -->
